epoch|times| lr  |tloss vloss|  t_acc   n    s    w    e    b    c  |  v_acc   n     s     w     e     b     c   | 
 1/25|08:25|1e-03|0.914 0.833| 0.6394 0.67 0.67 0.64 0.64 0.63 0.52 | 0.6732 0.654 0.711 0.694 0.662 0.772 0.574 *
 2/25|08:24|1e-03|0.808 0.795| 0.6831 0.71 0.71 0.69 0.69 0.70 0.56 | 0.6882 0.663 0.727 0.723 0.695 0.740 0.562 *
 3/25|08:27|1e-03|0.780 0.777| 0.6946 0.72 0.72 0.70 0.70 0.71 0.57 | 0.6953 0.714 0.687 0.737 0.722 0.639 0.577 *
 4/25|08:25|1e-03|0.763 0.767| 0.7012 0.72 0.73 0.71 0.71 0.72 0.58 | 0.7000 0.705 0.750 0.734 0.666 0.739 0.572 *
 5/25|08:24|1e-03|0.752 0.757| 0.7054 0.73 0.73 0.71 0.71 0.72 0.58 | 0.7032 0.742 0.723 0.684 0.705 0.766 0.588 *
 6/25|08:25|1e-03|0.745 0.747| 0.7087 0.73 0.73 0.71 0.71 0.73 0.59 | 0.7078 0.729 0.754 0.690 0.721 0.701 0.586 *
 7/25|08:25|1e-03|0.739 0.756| 0.7111 0.73 0.73 0.72 0.72 0.73 0.59 | 0.7041 0.747 0.716 0.703 0.724 0.783 0.524 
 8/25|08:25|1e-03|0.734 0.741| 0.7126 0.73 0.74 0.72 0.72 0.73 0.59 | 0.7100 0.709 0.781 0.723 0.665 0.731 0.618 *
 9/25|08:25|1e-03|0.731 0.736| 0.7140 0.74 0.74 0.72 0.72 0.74 0.59 | 0.7118 0.722 0.744 0.724 0.707 0.713 0.614 *
10/25|08:25|1e-03|0.727 0.743| 0.7154 0.74 0.74 0.72 0.72 0.74 0.60 | 0.7096 0.756 0.743 0.712 0.725 0.661 0.540 
11/25|08:26|1e-03|0.725 0.734| 0.7163 0.74 0.74 0.72 0.72 0.74 0.60 | 0.7125 0.747 0.752 0.720 0.736 0.693 0.518 *
12/25|08:26|1e-03|0.722 0.732| 0.7172 0.74 0.74 0.72 0.72 0.74 0.60 | 0.7137 0.717 0.754 0.728 0.714 0.731 0.595 *
13/25|08:32|1e-03|0.721 0.725| 0.7181 0.74 0.74 0.72 0.72 0.74 0.60 | 0.7167 0.758 0.734 0.761 0.675 0.738 0.584 *
14/25|08:26|1e-03|0.718 0.742| 0.7190 0.74 0.74 0.72 0.73 0.74 0.60 | 0.7105 0.761 0.718 0.721 0.718 0.791 0.526 
15/25|08:33|1e-03|0.717 0.724| 0.7196 0.74 0.74 0.72 0.73 0.74 0.60 | 0.7164 0.717 0.776 0.711 0.713 0.690 0.623 
16/25|08:29|1e-04|0.662 0.670| 0.7419 0.76 0.76 0.75 0.75 0.77 0.63 | 0.7387 0.757 0.767 0.747 0.737 0.753 0.624 *
17/25|08:27|1e-04|0.651 0.667| 0.7459 0.76 0.77 0.75 0.75 0.78 0.63 | 0.7395 0.767 0.764 0.745 0.738 0.751 0.623 *
18/25|08:26|1e-04|0.647 0.665| 0.7478 0.77 0.77 0.75 0.75 0.78 0.64 | 0.7403 0.753 0.760 0.754 0.741 0.762 0.639 *
19/25|08:26|1e-04|0.644 0.665| 0.7488 0.77 0.77 0.75 0.75 0.78 0.64 | 0.7402 0.754 0.769 0.741 0.738 0.807 0.626 
20/25|08:26|1e-04|0.641 0.662| 0.7501 0.77 0.77 0.75 0.76 0.78 0.64 | 0.7418 0.760 0.768 0.749 0.742 0.763 0.628 *
21/25|08:26|1e-04|0.639 0.662| 0.7508 0.77 0.77 0.76 0.76 0.78 0.64 | 0.7417 0.765 0.760 0.743 0.748 0.768 0.634 
22/25|08:26|1e-04|0.637 0.662| 0.7517 0.77 0.77 0.76 0.76 0.78 0.64 | 0.7418 0.753 0.774 0.732 0.749 0.800 0.633 
23/25|08:29|1e-05|0.627 0.655| 0.7559 0.77 0.78 0.76 0.76 0.79 0.65 | 0.7443 0.760 0.766 0.749 0.752 0.782 0.631 *
24/25|08:29|1e-05|0.626 0.655| 0.7563 0.77 0.78 0.76 0.76 0.79 0.65 | 0.7450 0.760 0.766 0.748 0.754 0.777 0.637 *
25/25|08:30|1e-05|0.625 0.655| 0.7565 0.77 0.78 0.76 0.76 0.79 0.65 | 0.7450 0.757 0.767 0.749 0.753 0.798 0.633 *
